<?xml version="1.0" encoding="UTF-8"?>
<testng-results ignored="0" total="1" passed="1" failed="0" skipped="0">
  <reporter-output>
  </reporter-output>
  <suite started-at="2020-02-08T14:03:26 IST" name="Default suite" finished-at="2020-02-08T14:03:36 IST" duration-ms="9211">
    <groups>
    </groups>
    <test started-at="2020-02-08T14:03:26 IST" name="Default test" finished-at="2020-02-08T14:03:36 IST" duration-ms="9211">
      <class name="tests.NewTest">
        <test-method is-config="true" signature="beforeClass()[pri:0, instance:tests.NewTest@66f57048]" started-at="2020-02-08T14:03:26 IST" name="beforeClass" finished-at="2020-02-08T14:03:31 IST" duration-ms="5067" status="PASS">
          <reporter-output>
          </reporter-output>
        </test-method> <!-- beforeClass -->
        <test-method signature="openMyBlog()[pri:0, instance:tests.NewTest@66f57048]" started-at="2020-02-08T14:03:31 IST" name="openMyBlog" finished-at="2020-02-08T14:03:35 IST" duration-ms="4034" status="PASS">
          <reporter-output>
          </reporter-output>
        </test-method> <!-- openMyBlog -->
      </class> <!-- tests.NewTest -->
    </test> <!-- Default test -->
  </suite> <!-- Default suite -->
</testng-results>
